[2017-12-19 16:01:19.023] [exthost1] [info] extension host started
[2017-12-19 16:01:19.040] [exthost1] [info] ExtensionService#_doActivateExtension vscode.emmet {"startup":true,"activationEvent":"*"}
[2017-12-19 16:01:19.041] [exthost1] [info] ExtensionService#loadCommonJSModule /usr/share/code/resources/app/extensions/emmet/out/extension
[2017-12-19 16:01:19.105] [exthost1] [info] ExtensionService#_doActivateExtension vscode.git {"startup":true,"activationEvent":"*"}
[2017-12-19 16:01:19.105] [exthost1] [info] ExtensionService#loadCommonJSModule /usr/share/code/resources/app/extensions/git/out/main
[2017-12-19 16:01:19.163] [exthost1] [info] ExtensionService#_doActivateExtension vscode.merge-conflict {"startup":true,"activationEvent":"*"}
[2017-12-19 16:01:19.163] [exthost1] [info] ExtensionService#loadCommonJSModule /usr/share/code/resources/app/extensions/merge-conflict/out/extension
[2017-12-19 16:01:19.176] [exthost1] [info] eager extensions activated
[2017-12-19 16:01:36.912] [exthost1] [info] extension host started
[2017-12-19 16:01:36.929] [exthost1] [info] ExtensionService#_doActivateExtension vscode.emmet {"startup":true,"activationEvent":"*"}
[2017-12-19 16:01:36.929] [exthost1] [info] ExtensionService#loadCommonJSModule /usr/share/code/resources/app/extensions/emmet/out/extension
[2017-12-19 16:01:37.001] [exthost1] [info] ExtensionService#_doActivateExtension vscode.git {"startup":true,"activationEvent":"*"}
[2017-12-19 16:01:37.002] [exthost1] [info] ExtensionService#loadCommonJSModule /usr/share/code/resources/app/extensions/git/out/main
[2017-12-19 16:01:37.069] [exthost1] [info] ExtensionService#_doActivateExtension vscode.merge-conflict {"startup":true,"activationEvent":"*"}
[2017-12-19 16:01:37.069] [exthost1] [info] ExtensionService#loadCommonJSModule /usr/share/code/resources/app/extensions/merge-conflict/out/extension
[2017-12-19 16:01:37.086] [exthost1] [info] eager extensions activated
[2017-12-19 16:07:53.408] [exthost1] [info] ExtensionService#_doActivateExtension vscode.javascript {"startup":false,"activationEvent":"onLanguage:javascript"}
[2017-12-19 16:07:53.408] [exthost1] [info] ExtensionService#loadCommonJSModule /usr/share/code/resources/app/extensions/javascript/out/javascriptMain
[2017-12-19 16:07:53.441] [exthost1] [info] ExtensionService#_doActivateExtension vscode.typescript {"startup":false,"activationEvent":"onLanguage:javascript"}
[2017-12-19 16:07:53.441] [exthost1] [info] ExtensionService#loadCommonJSModule /usr/share/code/resources/app/extensions/typescript/out/extension
[2017-12-19 16:09:35.141] [exthost1] [info] ExtensionService#_doActivateExtension vscode.extension-editing {"startup":false,"activationEvent":"onLanguage:typescript"}
[2017-12-19 16:09:35.141] [exthost1] [info] ExtensionService#loadCommonJSModule /usr/share/code/resources/app/extensions/extension-editing/out/extension
[2017-12-19 17:18:32.425] [exthost1] [info] ExtensionService#_doActivateExtension vscode.html {"startup":false,"activationEvent":"onLanguage:html"}
[2017-12-19 17:18:32.425] [exthost1] [info] ExtensionService#loadCommonJSModule /usr/share/code/resources/app/extensions/html/client/out/htmlMain
